[     898ms] [LOG] >> widgetClose custom class: add @ :1
[    1539ms] Uncaught TypeError: Cannot redefine property: safeSessionStorage
    at initializeStorage (https://acrobatservices.adobe.com/view-sdk/4.7.7_3.2.13-192c477b/ViewSDKInterface.js:1:837367)
    at +a/+ (https://acrobatservices.adobe.com/view-sdk/4.7.7_3.2.13-192c477b/ViewSDKInterface.js:1:152045)
    at __webpack_require__ (https://acrobatservices.adobe.com/view-sdk/4.7.7_3.2.13-192c477b/ViewSDKInterface.js:1:1376420)
    at haRa (https://acrobatservices.adobe.com/view-sdk/4.7.7_3.2.13-192c477b/ViewSDKInterface.js:1:834095)
    at __webpack_require__ (https://acrobatservices.adobe.com/view-sdk/4.7.7_3.2.13-192c477b/ViewSDKInterface.js:1:1376420)
    at EbfC (https://acrobatservices.adobe.com/view-sdk/4.7.7_3.2.13-192c477b/ViewSDKInterface.js:1:379847)
    at __webpack_require__ (https://acrobatservices.adobe.com/view-sdk/4.7.7_3.2.13-192c477b/ViewSDKInterface.js:1:1376420)
    at <anonymous> (https://acrobatservices.adobe.com/view-sdk/4.7.7_3.2.13-192c477b/ViewSDKInterface.js:1:1405661)
    at <anonymous> (https://acrobatservices.adobe.com/view-sdk/4.7.7_3.2.13-192c477b/ViewSDKInterface.js:1:1484802)
    at <anonymous> (https://acrobatservices.adobe.com/view-sdk/4.7.7_3.2.13-192c477b/ViewSDKInterface.js:1:1484833)
[    1544ms] Uncaught TypeError: Cannot redefine property: safeSessionStorage
    at initializeStorage (https://acrobatservices.adobe.com/view-sdk/4.7.7_3.2.13-192c477b/ViewSDKInterface.js:1:837367)
    at +a/+ (https://acrobatservices.adobe.com/view-sdk/4.7.7_3.2.13-192c477b/ViewSDKInterface.js:1:152045)
    at __webpack_require__ (https://acrobatservices.adobe.com/view-sdk/4.7.7_3.2.13-192c477b/ViewSDKInterface.js:1:1376420)
    at haRa (https://acrobatservices.adobe.com/view-sdk/4.7.7_3.2.13-192c477b/ViewSDKInterface.js:1:834095)
    at __webpack_require__ (https://acrobatservices.adobe.com/view-sdk/4.7.7_3.2.13-192c477b/ViewSDKInterface.js:1:1376420)
    at EbfC (https://acrobatservices.adobe.com/view-sdk/4.7.7_3.2.13-192c477b/ViewSDKInterface.js:1:379847)
    at __webpack_require__ (https://acrobatservices.adobe.com/view-sdk/4.7.7_3.2.13-192c477b/ViewSDKInterface.js:1:1376420)
    at <anonymous> (https://acrobatservices.adobe.com/view-sdk/4.7.7_3.2.13-192c477b/ViewSDKInterface.js:1:1405661)
    at <anonymous> (https://acrobatservices.adobe.com/view-sdk/4.7.7_3.2.13-192c477b/ViewSDKInterface.js:1:1484802)
    at <anonymous> (https://acrobatservices.adobe.com/view-sdk/4.7.7_3.2.13-192c477b/ViewSDKInterface.js:1:1484833)
[    1545ms] Uncaught TypeError: Cannot redefine property: safeSessionStorage
    at initializeStorage (https://acrobatservices.adobe.com/view-sdk/4.7.7_3.2.13-192c477b/ViewSDKInterface.js:1:837367)
    at +a/+ (https://acrobatservices.adobe.com/view-sdk/4.7.7_3.2.13-192c477b/ViewSDKInterface.js:1:152045)
    at __webpack_require__ (https://acrobatservices.adobe.com/view-sdk/4.7.7_3.2.13-192c477b/ViewSDKInterface.js:1:1376420)
    at haRa (https://acrobatservices.adobe.com/view-sdk/4.7.7_3.2.13-192c477b/ViewSDKInterface.js:1:834095)
    at __webpack_require__ (https://acrobatservices.adobe.com/view-sdk/4.7.7_3.2.13-192c477b/ViewSDKInterface.js:1:1376420)
    at EbfC (https://acrobatservices.adobe.com/view-sdk/4.7.7_3.2.13-192c477b/ViewSDKInterface.js:1:379847)
    at __webpack_require__ (https://acrobatservices.adobe.com/view-sdk/4.7.7_3.2.13-192c477b/ViewSDKInterface.js:1:1376420)
    at <anonymous> (https://acrobatservices.adobe.com/view-sdk/4.7.7_3.2.13-192c477b/ViewSDKInterface.js:1:1405661)
    at <anonymous> (https://acrobatservices.adobe.com/view-sdk/4.7.7_3.2.13-192c477b/ViewSDKInterface.js:1:1484802)
    at <anonymous> (https://acrobatservices.adobe.com/view-sdk/4.7.7_3.2.13-192c477b/ViewSDKInterface.js:1:1484833)
[    1547ms] Uncaught TypeError: Cannot redefine property: safeSessionStorage
    at initializeStorage (https://acrobatservices.adobe.com/view-sdk/4.7.7_3.2.13-192c477b/ViewSDKInterface.js:1:837367)
    at +a/+ (https://acrobatservices.adobe.com/view-sdk/4.7.7_3.2.13-192c477b/ViewSDKInterface.js:1:152045)
    at __webpack_require__ (https://acrobatservices.adobe.com/view-sdk/4.7.7_3.2.13-192c477b/ViewSDKInterface.js:1:1376420)
    at haRa (https://acrobatservices.adobe.com/view-sdk/4.7.7_3.2.13-192c477b/ViewSDKInterface.js:1:834095)
    at __webpack_require__ (https://acrobatservices.adobe.com/view-sdk/4.7.7_3.2.13-192c477b/ViewSDKInterface.js:1:1376420)
    at EbfC (https://acrobatservices.adobe.com/view-sdk/4.7.7_3.2.13-192c477b/ViewSDKInterface.js:1:379847)
    at __webpack_require__ (https://acrobatservices.adobe.com/view-sdk/4.7.7_3.2.13-192c477b/ViewSDKInterface.js:1:1376420)
    at <anonymous> (https://acrobatservices.adobe.com/view-sdk/4.7.7_3.2.13-192c477b/ViewSDKInterface.js:1:1405661)
    at <anonymous> (https://acrobatservices.adobe.com/view-sdk/4.7.7_3.2.13-192c477b/ViewSDKInterface.js:1:1484802)
    at <anonymous> (https://acrobatservices.adobe.com/view-sdk/4.7.7_3.2.13-192c477b/ViewSDKInterface.js:1:1484833)
[    1900ms] [LOG] >> `spa-root` find? @ :12
[    1900ms] [LOG] >> `spa-root` found @ :32
[    2409ms] [LOG] >> HTI `button.widgetClose span` @ :6
[    5899ms] [WARNING] AT: Failed actions [Object, Object] @ https://assets.adobedtm.com/34d5f70e9c24/3c8eecd4371c/launch-08464e2fc26e.min.js:7
