[     924ms] [LOG] okay eventaction = country-splash-modal|open @ https://assets.adobedtm.com/34d5f70e9c24/3c8eecd4371c/launch-08464e2fc26e.min.js:1
[     924ms] [LOG] first if success @ https://assets.adobedtm.com/34d5f70e9c24/3c8eecd4371c/launch-08464e2fc26e.min.js:1
[    1119ms] [WARNING] 🚀 Accessing event.type in Adobe Launch has been deprecated and will be removed soon. Please use event.$type instead. @ https://assets.adobedtm.com/34d5f70e9c24/3c8eecd4371c/launch-08464e2fc26e.min.js:29
[    1267ms] [WARNING] An aria-label or aria-labelledby prop is required for accessibility. @ https://www.invesco.com/etc.clientlibs/invesco/clientlibs/qqq-checkout/clientlib-react/resources/assets/vendor-react-CPxkYO0I.js:3
[    1593ms] [WARNING] An aria-label or aria-labelledby prop is required for accessibility. @ https://www.invesco.com/etc.clientlibs/invesco/clientlibs/qqq-checkout/clientlib-react/resources/assets/vendor-react-CPxkYO0I.js:3
[    1610ms] [WARNING] An aria-label or aria-labelledby prop is required for accessibility. @ https://www.invesco.com/etc.clientlibs/invesco/clientlibs/qqq-checkout/clientlib-react/resources/assets/vendor-react-CPxkYO0I.js:3
[    1649ms] [WARNING] An aria-label or aria-labelledby prop is required for accessibility. @ https://www.invesco.com/etc.clientlibs/invesco/clientlibs/qqq-checkout/clientlib-react/resources/assets/vendor-react-CPxkYO0I.js:3
[    1660ms] [WARNING] An aria-label or aria-labelledby prop is required for accessibility. @ https://www.invesco.com/etc.clientlibs/invesco/clientlibs/qqq-checkout/clientlib-react/resources/assets/vendor-react-CPxkYO0I.js:3
[    1670ms] [WARNING] An aria-label or aria-labelledby prop is required for accessibility. @ https://www.invesco.com/etc.clientlibs/invesco/clientlibs/qqq-checkout/clientlib-react/resources/assets/vendor-react-CPxkYO0I.js:3
[    1691ms] [WARNING] An aria-label or aria-labelledby prop is required for accessibility. @ https://www.invesco.com/etc.clientlibs/invesco/clientlibs/qqq-checkout/clientlib-react/resources/assets/vendor-react-CPxkYO0I.js:3
[    1707ms] [WARNING] An aria-label or aria-labelledby prop is required for accessibility. @ https://www.invesco.com/etc.clientlibs/invesco/clientlibs/qqq-checkout/clientlib-react/resources/assets/vendor-react-CPxkYO0I.js:3
[    1712ms] [WARNING] An aria-label or aria-labelledby prop is required for accessibility. @ https://www.invesco.com/etc.clientlibs/invesco/clientlibs/qqq-checkout/clientlib-react/resources/assets/vendor-react-CPxkYO0I.js:3
[    1777ms] [WARNING] An aria-label or aria-labelledby prop is required for accessibility. @ https://www.invesco.com/etc.clientlibs/invesco/clientlibs/qqq-checkout/clientlib-react/resources/assets/vendor-react-CPxkYO0I.js:3
[    1803ms] [WARNING] An aria-label or aria-labelledby prop is required for accessibility. @ https://www.invesco.com/etc.clientlibs/invesco/clientlibs/qqq-checkout/clientlib-react/resources/assets/vendor-react-CPxkYO0I.js:3
[    1815ms] [WARNING] An aria-label or aria-labelledby prop is required for accessibility. @ https://www.invesco.com/etc.clientlibs/invesco/clientlibs/qqq-checkout/clientlib-react/resources/assets/vendor-react-CPxkYO0I.js:3
[    2577ms] [WARNING] An aria-label or aria-labelledby prop is required for accessibility. @ https://www.invesco.com/etc.clientlibs/invesco/clientlibs/qqq-checkout/clientlib-react/resources/assets/vendor-react-CPxkYO0I.js:3
[    2967ms] [WARNING] An aria-label or aria-labelledby prop is required for accessibility. @ https://www.invesco.com/etc.clientlibs/invesco/clientlibs/qqq-checkout/clientlib-react/resources/assets/vendor-react-CPxkYO0I.js:3
[    2978ms] [WARNING] An aria-label or aria-labelledby prop is required for accessibility. @ https://www.invesco.com/etc.clientlibs/invesco/clientlibs/qqq-checkout/clientlib-react/resources/assets/vendor-react-CPxkYO0I.js:3
[    3389ms] [WARNING] An aria-label or aria-labelledby prop is required for accessibility. @ https://www.invesco.com/etc.clientlibs/invesco/clientlibs/qqq-checkout/clientlib-react/resources/assets/vendor-react-CPxkYO0I.js:3
[    5702ms] [WARNING] AT: Failed actions [Object, Object] @ https://assets.adobedtm.com/34d5f70e9c24/3c8eecd4371c/launch-08464e2fc26e.min.js:7
