[     731ms] [WARNING] [ Analytics-Lite ]: clearEventsQueue() is deprecated. You can safely remove this function call from your codebase. @ https://www.chase.com/apps/chase/clientlibs/foundation/scripts/Reporting.js:0
[    1243ms] [LOG]  New Target instance getting initiated ::  @ :2
[    1245ms] [LOG]  The new manipulated path is ::::: /content/jpm-am-aem/americas/us/en/adv/products/jpmorgan-equity-premium-income-etf-etf-shares-46641q332 @ https://assets.adobedtm.com/891af3a4d65f/0c36b2d108e7/launch-4b4527f8a939.min.js:1
[    1245ms] [LOG]  just return 2 @ https://assets.adobedtm.com/891af3a4d65f/0c36b2d108e7/launch-4b4527f8a939.min.js:1
[    1245ms] [LOG] URLSearchParams @ https://assets.adobedtm.com/891af3a4d65f/0c36b2d108e7/launch-4b4527f8a939.min.js:1
[    1485ms] [ERROR] Segment snippet included twice. @ :0
[    1745ms] Uncaught TypeError: t.reduce is not a function
    at jy (https://cdn.gbqofs.com/jpm/p/detector-dom.min.js:97:260362)
    at vy (https://cdn.gbqofs.com/jpm/p/detector-dom.min.js:97:259825)
    at Ut (https://assets.adobedtm.com/891af3a4d65f/0c36b2d108e7/launch-4b4527f8a939.min.js:5:30278)
    at qt (https://assets.adobedtm.com/891af3a4d65f/0c36b2d108e7/launch-4b4527f8a939.min.js:5:30759)
    at Na (https://assets.adobedtm.com/891af3a4d65f/0c36b2d108e7/launch-4b4527f8a939.min.js:6:24861)
    at r (https://assets.adobedtm.com/891af3a4d65f/0c36b2d108e7/launch-4b4527f8a939.min.js:6:25879)
[    1764ms] [LOG] email_contact not found in query parameters @ :0
[    9682ms] [WARNING] VIDEOJS: WARN: videojs.extend is deprecated as of Video.js 7.22.0 and will be removed in Video.js 8.0.0 @ https://players.brightcove.net/899458537001/D624NUCYF_default/index.min.js:0
[    9682ms] [WARNING] VIDEOJS: WARN: videojs.plugin() is deprecated; use videojs.registerPlugin() instead @ https://players.brightcove.net/899458537001/D624NUCYF_default/index.min.js:0
[    9985ms] [WARNING] VIDEOJS: WARN: Calling addRemoteTextTrack without explicitly setting the "manualCleanup" parameter to `true` is deprecated and default to `false` in future version of video.js @ https://players.brightcove.net/899458537001/D624NUCYF_default/index.min.js:0
[   10053ms] [ERROR] Error: <rect> attribute width: A negative value is not valid. ("-155") @ https://am.jpmorgan.com/FundsMarketingHandler/javascript/chunks/pdp-cf15a2da950db82c702b.js:1
[   10058ms] [ERROR] Error: <rect> attribute width: A negative value is not valid. ("-155") @ https://am.jpmorgan.com/FundsMarketingHandler/javascript/chunks/pdp-cf15a2da950db82c702b.js:1
[   10062ms] [ERROR] Error: <rect> attribute width: A negative value is not valid. ("-165") @ https://am.jpmorgan.com/FundsMarketingHandler/javascript/chunks/pdp-cf15a2da950db82c702b.js:1
[   10883ms] [LOG]  @ https://cdn.evgnet.com/beacon/k556555555563cz3w23n3n3x2754245/mcp_prod/scripts/evergage.min.js:1247
